<?xml version="1.0" encoding="UTF-8"?>
<testsuite name="TestCoin" tests="5" skipped="0" failures="0" errors="0" timestamp="2016-08-07T04:12:35" hostname="LaTaevias-MacBook-Pro.local" time="0.003">
  <properties/>
  <testcase name="runCoin_testForMultiplePennie_4_0_0_1" classname="TestCoin" time="0.002"/>
  <testcase name="runCoin_testForMultipleQuarter_3_0_0_0" classname="TestCoin" time="0.0"/>
  <testcase name="runCoin_testForMultipleNickel_0_0_1_0" classname="TestCoin" time="0.0"/>
  <testcase name="runCoin_testForMultipleDime_3_2_0_0" classname="TestCoin" time="0.0"/>
  <testcase name="runCoin_testForOneQuarter_1_0_0_0" classname="TestCoin" time="0.0"/>
  <system-out><![CDATA[]]></system-out>
  <system-err><![CDATA[]]></system-err>
</testsuite>
